[2024-06-15 17:00:52] [[32minfo[39m] New socket connection: cuLlpBP08ju-FjmHAAAB
[2024-06-15 17:00:52] [[32minfo[39m] Notes fetched and emitted successfully.
[2024-06-15 17:11:48] [[32minfo[39m] New socket connection: SPPewX-1FEYeeTa2AAAB
[2024-06-15 17:11:48] [[32minfo[39m] Notes fetched and emitted successfully.
[2024-06-15 17:12:04] [[32minfo[39m] New socket connection: nfnGJBlBsAcMyFSoAAAD
[2024-06-15 17:12:04] [[32minfo[39m] Notes fetched and emitted successfully.
[2024-06-15 17:12:12] [[32minfo[39m] New note created successfully: 666e03ac51ec26e3c7ca53c6
[2024-06-15 17:12:17] [[32minfo[39m] New socket connection: -0ZLXxFR-iYuDgmsAAAF
[2024-06-15 17:12:17] [[32minfo[39m] Notes fetched and emitted successfully.
[2024-06-15 17:12:43] [[32minfo[39m] New socket connection: QoDp6T6a1P2LkkbxAAAB
[2024-06-15 17:12:43] [[32minfo[39m] Notes fetched and emitted successfully.
[2024-06-15 17:12:44] [[32minfo[39m] New socket connection: 6x66oPkSAJoePP7lAAAD
[2024-06-15 17:12:44] [[32minfo[39m] Notes fetched and emitted successfully.
[2024-06-15 17:15:40] [[32minfo[39m] New socket connection: -4unDHDBlqLFCJrvAAAB
[2024-06-15 17:15:40] [[32minfo[39m] Notes fetched and emitted successfully.
[2024-06-15 17:15:46] [[32minfo[39m] New socket connection: BbtfihN-hsSshq1GAAAD
[2024-06-15 17:15:46] [[32minfo[39m] Notes fetched and emitted successfully.
[2024-06-15 17:15:56] [[32minfo[39m] New note created successfully: 666e048cbbe4eca6814cf72f
[2024-06-15 17:16:07] [[32minfo[39m] New note created successfully: 666e0497bbe4eca6814cf731
[2024-06-15 17:34:54] [[32minfo[39m] New socket connection: V-NrX7lr7couxNT5AAAB
[2024-06-15 17:34:54] [[32minfo[39m] Notes fetched and emitted successfully.
[2024-06-15 17:55:55] [[32minfo[39m] New socket connection: 8sYexRudtB6sSPPbAAAD
[2024-06-15 17:55:55] [[32minfo[39m] Notes fetched and emitted successfully.
[2024-06-15 18:07:46] [[32minfo[39m] New socket connection: krPms--6fKIdQpB1AAAF
[2024-06-15 18:07:46] [[32minfo[39m] Notes fetched and emitted successfully.
[2024-06-15 18:11:50] [[32minfo[39m] New socket connection: TlkDrl8RwtkjHXuPAAAH
[2024-06-15 18:11:50] [[32minfo[39m] Notes fetched and emitted successfully.
[2024-06-15 18:12:32] [[32minfo[39m] New socket connection: 5M0zfXOa9VZRiVfrAAAJ
[2024-06-15 18:12:32] [[32minfo[39m] Notes fetched and emitted successfully.
[2024-06-16 20:48:54] [[32minfo[39m] New socket connection: hr0NpHiV-gagE8NdAAAB
[2024-06-16 20:49:00] [[32minfo[39m] New socket connection: EUAyQwg7MrE0QBaOAAAD
[2024-06-16 20:49:04] [[31merror[39m] Error fetching notes: Operation `notes.find()` buffering timed out after 10000ms
[2024-06-16 20:49:11] [[31merror[39m] Error fetching notes: Operation `notes.find()` buffering timed out after 10000ms
[2024-06-16 20:49:29] [[31merror[39m] Error saving new note: Operation `notes.insertOne()` buffering timed out after 10000ms
[2024-06-16 20:49:49] [[32minfo[39m] New socket connection: erJ5FQWeE-YvvAk7AAAB
[2024-06-16 20:49:49] [[32minfo[39m] Notes fetched and emitted successfully.
[2024-06-16 20:49:50] [[32minfo[39m] New socket connection: EFg2I2aiF5thMhQKAAAD
[2024-06-16 20:49:50] [[32minfo[39m] Notes fetched and emitted successfully.
[2024-06-16 20:49:50] [[32minfo[39m] New socket connection: bZr0aCQHfn-GSabjAAAF
[2024-06-16 20:49:50] [[32minfo[39m] Notes fetched and emitted successfully.
[2024-06-16 20:50:01] [[32minfo[39m] New note created successfully: 666f8839910442803bca3d5e
[2024-06-16 20:50:11] [[32minfo[39m] New note created successfully: 666f8843910442803bca3d60
[2024-06-16 20:50:13] [[32minfo[39m] Note retrieved successfully: 666f8843910442803bca3d60
[2024-06-16 20:50:20] [[32minfo[39m] Note updated successfully: 666f8843910442803bca3d60
[2024-06-16 20:50:20] [[32minfo[39m] Notes fetched and emitted successfully.
